<?xml version="1.0" encoding="UTF-8"?>
<!-- Generated by org.testng.reporters.JUnitReportReporter -->
<testsuite hostname="PRATIK" failures="0" tests="1" name="MagnetoFramework.Luma.Signin2" time="32.143" errors="0" timestamp="2023-07-06T15:49:15 IST" skipped="0">
  <testcase classname="MagnetoFramework.Luma.Signin2" name="Signin" time="32.143"/>
  <system-out/>
</testsuite> <!-- MagnetoFramework.Luma.Signin2 -->
