<?xml version="1.0" encoding="UTF-8"?>
<!-- Generated by org.testng.reporters.JUnitReportReporter -->
<testsuite hostname="PRATIK" failures="0" tests="1" name="MagnetoFramework.Luma.Signin" time="21.588" errors="0" timestamp="2023-07-02T17:06:04 IST" skipped="0">
  <testcase classname="MagnetoFramework.Luma.Signin" name="Signin" time="21.588"/>
  <system-out/>
</testsuite> <!-- MagnetoFramework.Luma.Signin -->
