<?xml version="1.0" encoding="UTF-8"?>
<!-- Generated by org.testng.reporters.JUnitReportReporter -->
<testsuite hostname="PRATIK" failures="0" tests="1" name="MagnetoFramework.Luma.AddToCart2" time="71.390" errors="0" timestamp="2023-07-06T17:17:43 IST" skipped="0">
  <testcase classname="MagnetoFramework.Luma.AddToCart2" name="AccountCreation" time="71.390"/>
  <system-out/>
</testsuite> <!-- MagnetoFramework.Luma.AddToCart2 -->
