<?xml version="1.0" encoding="UTF-8"?>
<!-- Generated by org.testng.reporters.JUnitReportReporter -->
<testsuite hostname="PRATIK" failures="0" tests="1" name="MagnetoFramework.Luma.tests.AddToCart2" time="91.329" errors="0" timestamp="2023-07-17T16:07:30 IST" skipped="0">
  <testcase classname="MagnetoFramework.Luma.tests.AddToCart2" name="product_Purchase_AddToCart" time="91.329"/>
  <system-out/>
</testsuite> <!-- MagnetoFramework.Luma.tests.AddToCart2 -->
