<?xml version="1.0" encoding="UTF-8"?>
<!-- Generated by org.testng.reporters.JUnitReportReporter -->
<testsuite hostname="PRATIK" failures="0" tests="1" name="MagnetoFramework.Luma.tests.Signin2" time="27.165" errors="0" timestamp="2023-07-17T16:07:30 IST" skipped="0">
  <testcase classname="MagnetoFramework.Luma.tests.Signin2" name="user_Account_Signin" time="27.165"/>
  <system-out/>
</testsuite> <!-- MagnetoFramework.Luma.tests.Signin2 -->
