<?xml version="1.0" encoding="UTF-8"?>
<!-- Generated by org.testng.reporters.JUnitReportReporter -->
<testsuite hostname="PRATIK" failures="0" tests="1" name="MagnetoFramework.Luma.AbstractComponent.ExcelDataProvider" time="1.794" errors="0" timestamp="2023-07-14T17:13:30 IST" skipped="0">
  <testcase classname="MagnetoFramework.Luma.AbstractComponent.ExcelDataProvider" name="Check" time="1.794"/>
  <system-out/>
</testsuite> <!-- MagnetoFramework.Luma.AbstractComponent.ExcelDataProvider -->
