<?xml version="1.0" encoding="UTF-8"?>
<!-- Generated by org.testng.reporters.JUnitReportReporter -->
<testsuite hostname="PRATIK" failures="0" tests="1" name="MagnetoFramework.Luma.Account2" time="19.607" errors="0" timestamp="2023-07-03T14:35:38 IST" skipped="0">
  <testcase classname="MagnetoFramework.Luma.Account2" name="AccountCreation" time="19.607"/>
  <system-out/>
</testsuite> <!-- MagnetoFramework.Luma.Account2 -->
