<?xml version="1.0" encoding="UTF-8"?>
<!-- Generated by org.testng.reporters.JUnitReportReporter -->
<testsuite hostname="PRATIK" failures="0" tests="1" name="MagnetoFramework.Luma.AddToCart" time="73.851" errors="0" timestamp="2023-07-02T17:52:54 IST" skipped="0">
  <testcase classname="MagnetoFramework.Luma.AddToCart" name="AccountCreation" time="73.851"/>
  <system-out/>
</testsuite> <!-- MagnetoFramework.Luma.AddToCart -->
